[debug] [2017-11-21T02:21:29.850Z] ----------------------------------------------------------------------
[debug] [2017-11-21T02:21:29.852Z] Command:       C:\Program Files\nodejs\node.exe C:\Users\bruno\AppData\Roaming\npm\node_modules\firebase-tools\bin\firebase serve --only functions,hosting
[debug] [2017-11-21T02:21:29.853Z] CLI Version:   3.15.2
[debug] [2017-11-21T02:21:29.853Z] Platform:      win32
[debug] [2017-11-21T02:21:29.853Z] Node Version:  v8.4.0
[debug] [2017-11-21T02:21:29.853Z] Time:          Tue Nov 21 2017 00:21:29 GMT-0200 (E. South America Daylight Time)
[debug] [2017-11-21T02:21:29.854Z] ----------------------------------------------------------------------
[debug] 
[debug] [2017-11-21T02:21:29.866Z] > command requires scopes: ["email","openid","https://www.googleapis.com/auth/cloudplatformprojects.readonly","https://www.googleapis.com/auth/firebase","https://www.googleapis.com/auth/cloud-platform"]
[debug] [2017-11-21T02:21:29.867Z] > authorizing via signed-in user
[debug] [2017-11-21T02:21:29.869Z] >>> HTTP REQUEST GET https://admin.firebase.com/v1/projects/we-profile-96cff  
 Tue Nov 21 2017 00:21:29 GMT-0200 (E. South America Daylight Time)
[debug] [2017-11-21T02:21:30.912Z] <<< HTTP RESPONSE 200
[debug] [2017-11-21T02:21:30.913Z] >>> HTTP REQUEST GET https://admin.firebase.com/v1/database/we-profile-96cff/tokens  
 Tue Nov 21 2017 00:21:30 GMT-0200 (E. South America Daylight Time)
[debug] [2017-11-21T02:21:31.869Z] <<< HTTP RESPONSE 200
[info] 
[info] === Serving from 'D:\Dev\www\personal'...
[info] 
[info] i  functions: Preparing to emulate functions.
[debug] [2017-11-21T02:21:32.503Z] >>> HTTP REQUEST GET https://appengine.googleapis.com/v1/apps/we-profile-96cff  
 Tue Nov 21 2017 00:21:32 GMT-0200 (E. South America Daylight Time)
[debug] [2017-11-21T02:21:32.503Z] >>> HTTP REQUEST GET https://apikeys.googleapis.com/v1/projects/we-profile-96cff/apiKeys  
 Tue Nov 21 2017 00:21:32 GMT-0200 (E. South America Daylight Time)
[debug] [2017-11-21T02:21:32.503Z] >>> HTTP REQUEST GET https://cloudresourcemanager.googleapis.com/v1/projects/we-profile-96cff  
 Tue Nov 21 2017 00:21:32 GMT-0200 (E. South America Daylight Time)
[debug] [2017-11-21T02:21:33.690Z] <<< HTTP RESPONSE 200
[debug] [2017-11-21T02:21:33.691Z] >>> HTTP REQUEST GET https://mobilesdk-pa.googleapis.com/v1/projects/859854214900/clients/_:getWebAppConfig  
 Tue Nov 21 2017 00:21:33 GMT-0200 (E. South America Daylight Time)
[debug] [2017-11-21T02:21:33.761Z] <<< HTTP RESPONSE 200
[debug] [2017-11-21T02:21:33.888Z] <<< HTTP RESPONSE 200
[debug] [2017-11-21T02:21:35.065Z] <<< HTTP RESPONSE 200
[info] i  hosting: Serving hosting files from: dist
[info] +  hosting: Local server: http://localhost:5000

[warn] !  functions: Failed to load functions source code. Ensure that you have the latest SDK by running npm i --save firebase-functions inside the functions directory.
[warn] !  functions: Error from emulator. FirebaseError: Error occurred while parsing your function triggers.

Error: ENOENT: no such file or directory, open 'D:\Dev\www\personal\functions\index.html'
    at Object.fs.openSync (fs.js:652:18)
    at Object.fs.readFileSync (fs.js:553:33)
    at Object.<anonymous> (D:\Dev\www\personal\functions\index.js:8:21)
    at Module._compile (module.js:573:30)
    at Object.Module._extensions..js (module.js:584:10)
    at Module.load (module.js:507:32)
    at tryModuleLoad (module.js:470:12)
    at Function.Module._load (module.js:462:3)
    at Module.require (module.js:517:17)
    at require (internal/module.js:11:18)
[debug] [2017-11-21T02:24:10.180Z] ----------------------------------------------------------------------
[debug] [2017-11-21T02:24:10.182Z] Command:       C:\Program Files\nodejs\node.exe C:\Users\bruno\AppData\Roaming\npm\node_modules\firebase-tools\bin\firebase serve --only functions,hosting
[debug] [2017-11-21T02:24:10.182Z] CLI Version:   3.15.2
[debug] [2017-11-21T02:24:10.182Z] Platform:      win32
[debug] [2017-11-21T02:24:10.182Z] Node Version:  v8.4.0
[debug] [2017-11-21T02:24:10.183Z] Time:          Tue Nov 21 2017 00:24:10 GMT-0200 (E. South America Daylight Time)
[debug] [2017-11-21T02:24:10.183Z] ----------------------------------------------------------------------
[debug] 
[debug] [2017-11-21T02:24:10.195Z] > command requires scopes: ["email","openid","https://www.googleapis.com/auth/cloudplatformprojects.readonly","https://www.googleapis.com/auth/firebase","https://www.googleapis.com/auth/cloud-platform"]
[debug] [2017-11-21T02:24:10.195Z] > authorizing via signed-in user
[debug] [2017-11-21T02:24:10.197Z] >>> HTTP REQUEST GET https://admin.firebase.com/v1/projects/we-profile-96cff  
 Tue Nov 21 2017 00:24:10 GMT-0200 (E. South America Daylight Time)
[debug] [2017-11-21T02:24:11.467Z] <<< HTTP RESPONSE 200
[debug] [2017-11-21T02:24:11.468Z] >>> HTTP REQUEST GET https://admin.firebase.com/v1/database/we-profile-96cff/tokens  
 Tue Nov 21 2017 00:24:11 GMT-0200 (E. South America Daylight Time)
[debug] [2017-11-21T02:24:12.383Z] <<< HTTP RESPONSE 200
[info] 
[info] === Serving from 'D:\Dev\www\personal'...
[info] 
[info] i  functions: Preparing to emulate functions.
[debug] [2017-11-21T02:24:12.823Z] >>> HTTP REQUEST GET https://appengine.googleapis.com/v1/apps/we-profile-96cff  
 Tue Nov 21 2017 00:24:12 GMT-0200 (E. South America Daylight Time)
[debug] [2017-11-21T02:24:12.824Z] >>> HTTP REQUEST GET https://apikeys.googleapis.com/v1/projects/we-profile-96cff/apiKeys  
 Tue Nov 21 2017 00:24:12 GMT-0200 (E. South America Daylight Time)
[debug] [2017-11-21T02:24:12.824Z] >>> HTTP REQUEST GET https://cloudresourcemanager.googleapis.com/v1/projects/we-profile-96cff  
 Tue Nov 21 2017 00:24:12 GMT-0200 (E. South America Daylight Time)
[debug] [2017-11-21T02:24:13.910Z] <<< HTTP RESPONSE 200
[debug] [2017-11-21T02:24:13.910Z] >>> HTTP REQUEST GET https://mobilesdk-pa.googleapis.com/v1/projects/859854214900/clients/_:getWebAppConfig  
 Tue Nov 21 2017 00:24:13 GMT-0200 (E. South America Daylight Time)
[debug] [2017-11-21T02:24:13.944Z] <<< HTTP RESPONSE 200
[debug] [2017-11-21T02:24:14.110Z] <<< HTTP RESPONSE 200
[debug] [2017-11-21T02:24:14.510Z] <<< HTTP RESPONSE 200
[info] i  hosting: Serving hosting files from: dist
[info] +  hosting: Local server: http://localhost:5000

[warn] !  functions: Failed to load functions source code. Ensure that you have the latest SDK by running npm i --save firebase-functions inside the functions directory.
[warn] !  functions: Error from emulator. FirebaseError: Error occurred while parsing your function triggers.

Error: ENOENT: no such file or directory, open 'D:\Dev\www\personal\functions\index.html'
    at Object.fs.openSync (fs.js:652:18)
    at Object.fs.readFileSync (fs.js:553:33)
    at Object.<anonymous> (D:\Dev\www\personal\functions\index.js:8:21)
    at Module._compile (module.js:573:30)
    at Object.Module._extensions..js (module.js:584:10)
    at Module.load (module.js:507:32)
    at tryModuleLoad (module.js:470:12)
    at Function.Module._load (module.js:462:3)
    at Module.require (module.js:517:17)
    at require (internal/module.js:11:18)
[debug] [2017-11-21T22:07:50.852Z] ----------------------------------------------------------------------
[debug] [2017-11-21T22:07:50.855Z] Command:       C:\Program Files\nodejs\node.exe C:\Users\bruno\AppData\Roaming\npm\node_modules\firebase-tools\bin\firebase serve
[debug] [2017-11-21T22:07:50.855Z] CLI Version:   3.15.2
[debug] [2017-11-21T22:07:50.855Z] Platform:      win32
[debug] [2017-11-21T22:07:50.855Z] Node Version:  v8.4.0
[debug] [2017-11-21T22:07:50.856Z] Time:          Tue Nov 21 2017 20:07:50 GMT-0200 (E. South America Daylight Time)
[debug] [2017-11-21T22:07:50.856Z] ----------------------------------------------------------------------
[debug] 
[debug] [2017-11-21T22:07:50.869Z] > command requires scopes: ["email","openid","https://www.googleapis.com/auth/cloudplatformprojects.readonly","https://www.googleapis.com/auth/firebase","https://www.googleapis.com/auth/cloud-platform"]
[debug] [2017-11-21T22:07:50.869Z] > authorizing via signed-in user
[debug] [2017-11-21T22:07:50.871Z] > refreshing access token with scopes: ["email","https://www.googleapis.com/auth/cloud-platform","https://www.googleapis.com/auth/cloudplatformprojects.readonly","https://www.googleapis.com/auth/firebase","openid"]
[debug] [2017-11-21T22:07:50.871Z] >>> HTTP REQUEST POST https://www.googleapis.com/oauth2/v3/token { refresh_token: '1/pcWz7cvJFe4kqYAOem5yq19MlF3Nf9QDrjxtfP15U0c',
  client_id: '563584335869-fgrhgmd47bqnekij5i8b5pr03ho849e6.apps.googleusercontent.com',
  client_secret: 'j9iVZfS8kkCEFUPaAeJV0sAi',
  grant_type: 'refresh_token',
  scope: 'email https://www.googleapis.com/auth/cloud-platform https://www.googleapis.com/auth/cloudplatformprojects.readonly https://www.googleapis.com/auth/firebase openid' } 
 Tue Nov 21 2017 20:07:50 GMT-0200 (E. South America Daylight Time)
[debug] [2017-11-21T22:07:52.129Z] <<< HTTP RESPONSE 200
[debug] [2017-11-21T22:07:52.133Z] >>> HTTP REQUEST GET https://admin.firebase.com/v1/projects/we-profile-96cff  
 Tue Nov 21 2017 20:07:52 GMT-0200 (E. South America Daylight Time)
[debug] [2017-11-21T22:07:54.426Z] <<< HTTP RESPONSE 200
[debug] [2017-11-21T22:07:54.427Z] >>> HTTP REQUEST GET https://admin.firebase.com/v1/database/we-profile-96cff/tokens  
 Tue Nov 21 2017 20:07:54 GMT-0200 (E. South America Daylight Time)
[debug] [2017-11-21T22:07:57.011Z] <<< HTTP RESPONSE 200
[info] 
[info] === Serving from 'D:\Dev\www\personal'...
[info] 
[debug] [2017-11-21T22:07:57.013Z] >>> HTTP REQUEST GET https://cloudresourcemanager.googleapis.com/v1/projects/we-profile-96cff  
 Tue Nov 21 2017 20:07:57 GMT-0200 (E. South America Daylight Time)
[debug] [2017-11-21T22:07:59.224Z] <<< HTTP RESPONSE 200
[debug] [2017-11-21T22:07:59.224Z] >>> HTTP REQUEST GET https://mobilesdk-pa.googleapis.com/v1/projects/859854214900/clients/_:getWebAppConfig  
 Tue Nov 21 2017 20:07:59 GMT-0200 (E. South America Daylight Time)
[debug] [2017-11-21T22:08:01.675Z] <<< HTTP RESPONSE 200
[info] i  hosting: Serving hosting files from: dist
[info] +  hosting: Local server: http://localhost:5000

[info] [hosting] Rewriting / to live function ssrapp
[debug] [2017-11-21T22:10:17.232Z] ----------------------------------------------------------------------
[debug] [2017-11-21T22:10:17.234Z] Command:       C:\Program Files\nodejs\node.exe C:\Users\bruno\AppData\Roaming\npm\node_modules\firebase-tools\bin\firebase serve --only functions:host
[debug] [2017-11-21T22:10:17.235Z] CLI Version:   3.15.2
[debug] [2017-11-21T22:10:17.235Z] Platform:      win32
[debug] [2017-11-21T22:10:17.235Z] Node Version:  v8.4.0
[debug] [2017-11-21T22:10:17.235Z] Time:          Tue Nov 21 2017 20:10:17 GMT-0200 (E. South America Daylight Time)
[debug] [2017-11-21T22:10:17.235Z] ----------------------------------------------------------------------
[debug] 
[debug] [2017-11-21T22:10:17.247Z] > command requires scopes: ["email","openid","https://www.googleapis.com/auth/cloudplatformprojects.readonly","https://www.googleapis.com/auth/firebase","https://www.googleapis.com/auth/cloud-platform"]
[debug] [2017-11-21T22:10:17.247Z] > authorizing via signed-in user
[debug] [2017-11-21T22:10:17.249Z] >>> HTTP REQUEST GET https://admin.firebase.com/v1/projects/we-profile-96cff  
 Tue Nov 21 2017 20:10:17 GMT-0200 (E. South America Daylight Time)
[debug] [2017-11-21T22:10:19.471Z] <<< HTTP RESPONSE 200
[debug] [2017-11-21T22:10:19.472Z] >>> HTTP REQUEST GET https://admin.firebase.com/v1/database/we-profile-96cff/tokens  
 Tue Nov 21 2017 20:10:19 GMT-0200 (E. South America Daylight Time)
[debug] [2017-11-21T22:10:21.889Z] <<< HTTP RESPONSE 200
[info] 
[info] === Serving from 'D:\Dev\www\personal'...
[info] 
[info] i  functions: Preparing to emulate functions.
[debug] [2017-11-21T22:10:22.505Z] >>> HTTP REQUEST GET https://appengine.googleapis.com/v1/apps/we-profile-96cff  
 Tue Nov 21 2017 20:10:22 GMT-0200 (E. South America Daylight Time)
[debug] [2017-11-21T22:10:22.506Z] >>> HTTP REQUEST GET https://apikeys.googleapis.com/v1/projects/we-profile-96cff/apiKeys  
 Tue Nov 21 2017 20:10:22 GMT-0200 (E. South America Daylight Time)
[debug] [2017-11-21T22:10:24.650Z] <<< HTTP RESPONSE 200
[debug] [2017-11-21T22:10:25.015Z] <<< HTTP RESPONSE 200
[warn] !  functions: Failed to load functions source code. Ensure that you have the latest SDK by running npm i --save firebase-functions inside the functions directory.
[warn] !  functions: Error from emulator. FirebaseError: Error occurred while parsing your function triggers.

Error: ENOENT: no such file or directory, open 'D:\Dev\www\personal\functions\index.html'
    at Object.fs.openSync (fs.js:652:18)
    at Object.fs.readFileSync (fs.js:553:33)
    at Object.<anonymous> (D:\Dev\www\personal\functions\index.js:8:21)
    at Module._compile (module.js:573:30)
    at Object.Module._extensions..js (module.js:584:10)
    at Module.load (module.js:507:32)
    at tryModuleLoad (module.js:470:12)
    at Function.Module._load (module.js:462:3)
    at Module.require (module.js:517:17)
    at require (internal/module.js:11:18)
[debug] [2017-11-21T22:17:18.608Z] ----------------------------------------------------------------------
[debug] [2017-11-21T22:17:18.611Z] Command:       C:\Program Files\nodejs\node.exe C:\Users\bruno\AppData\Roaming\npm\node_modules\firebase-tools\bin\firebase serve --only functions:host
[debug] [2017-11-21T22:17:18.611Z] CLI Version:   3.15.2
[debug] [2017-11-21T22:17:18.611Z] Platform:      win32
[debug] [2017-11-21T22:17:18.611Z] Node Version:  v8.4.0
[debug] [2017-11-21T22:17:18.612Z] Time:          Tue Nov 21 2017 20:17:18 GMT-0200 (E. South America Daylight Time)
[debug] [2017-11-21T22:17:18.612Z] ----------------------------------------------------------------------
[debug] 
[debug] [2017-11-21T22:17:18.624Z] > command requires scopes: ["email","openid","https://www.googleapis.com/auth/cloudplatformprojects.readonly","https://www.googleapis.com/auth/firebase","https://www.googleapis.com/auth/cloud-platform"]
[debug] [2017-11-21T22:17:18.624Z] > authorizing via signed-in user
[debug] [2017-11-21T22:17:18.626Z] >>> HTTP REQUEST GET https://admin.firebase.com/v1/projects/we-profile-96cff  
 Tue Nov 21 2017 20:17:18 GMT-0200 (E. South America Daylight Time)
[debug] [2017-11-21T22:17:23.665Z] <<< HTTP RESPONSE 200
[debug] [2017-11-21T22:17:23.665Z] >>> HTTP REQUEST GET https://admin.firebase.com/v1/database/we-profile-96cff/tokens  
 Tue Nov 21 2017 20:17:23 GMT-0200 (E. South America Daylight Time)
[debug] [2017-11-21T22:17:24.707Z] <<< HTTP RESPONSE 200
[info] 
[info] === Serving from 'D:\Dev\www\personal'...
[info] 
[info] i  functions: Preparing to emulate functions.
[debug] [2017-11-21T22:17:25.110Z] >>> HTTP REQUEST GET https://appengine.googleapis.com/v1/apps/we-profile-96cff  
 Tue Nov 21 2017 20:17:25 GMT-0200 (E. South America Daylight Time)
[debug] [2017-11-21T22:17:25.111Z] >>> HTTP REQUEST GET https://apikeys.googleapis.com/v1/projects/we-profile-96cff/apiKeys  
 Tue Nov 21 2017 20:17:25 GMT-0200 (E. South America Daylight Time)
[debug] [2017-11-21T22:17:27.434Z] <<< HTTP RESPONSE 200
[debug] [2017-11-21T22:17:27.617Z] <<< HTTP RESPONSE 200
[warn] !  functions: Failed to load functions source code. Ensure that you have the latest SDK by running npm i --save firebase-functions inside the functions directory.
[warn] !  functions: Error from emulator. FirebaseError: Error occurred while parsing your function triggers.

Error: ENOENT: no such file or directory, open 'D:\Dev\www\personal\functions\index.html'
    at Object.fs.openSync (fs.js:652:18)
    at Object.fs.readFileSync (fs.js:553:33)
    at Object.<anonymous> (D:\Dev\www\personal\functions\index.js:8:21)
    at Module._compile (module.js:573:30)
    at Object.Module._extensions..js (module.js:584:10)
    at Module.load (module.js:507:32)
    at tryModuleLoad (module.js:470:12)
    at Function.Module._load (module.js:462:3)
    at Module.require (module.js:517:17)
    at require (internal/module.js:11:18)
[debug] [2017-11-21T22:20:07.454Z] ----------------------------------------------------------------------
[debug] [2017-11-21T22:20:07.457Z] Command:       C:\Program Files\nodejs\node.exe C:\Users\bruno\AppData\Roaming\npm\node_modules\firebase-tools\bin\firebase serve --only functions:host
[debug] [2017-11-21T22:20:07.458Z] CLI Version:   3.15.2
[debug] [2017-11-21T22:20:07.458Z] Platform:      win32
[debug] [2017-11-21T22:20:07.458Z] Node Version:  v8.4.0
[debug] [2017-11-21T22:20:07.459Z] Time:          Tue Nov 21 2017 20:20:07 GMT-0200 (E. South America Daylight Time)
[debug] [2017-11-21T22:20:07.459Z] ----------------------------------------------------------------------
[debug] 
[debug] [2017-11-21T22:20:07.472Z] > command requires scopes: ["email","openid","https://www.googleapis.com/auth/cloudplatformprojects.readonly","https://www.googleapis.com/auth/firebase","https://www.googleapis.com/auth/cloud-platform"]
[debug] [2017-11-21T22:20:07.472Z] > authorizing via signed-in user
[debug] [2017-11-21T22:20:07.474Z] >>> HTTP REQUEST GET https://admin.firebase.com/v1/projects/we-profile-96cff  
 Tue Nov 21 2017 20:20:07 GMT-0200 (E. South America Daylight Time)
[debug] [2017-11-21T22:20:10.937Z] <<< HTTP RESPONSE 200
[debug] [2017-11-21T22:20:10.937Z] >>> HTTP REQUEST GET https://admin.firebase.com/v1/database/we-profile-96cff/tokens  
 Tue Nov 21 2017 20:20:10 GMT-0200 (E. South America Daylight Time)
[debug] [2017-11-21T22:20:12.636Z] <<< HTTP RESPONSE 200
[info] 
[info] === Serving from 'D:\Dev\www\personal'...
[info] 
[info] i  functions: Preparing to emulate functions.
[debug] [2017-11-21T22:20:13.044Z] >>> HTTP REQUEST GET https://appengine.googleapis.com/v1/apps/we-profile-96cff  
 Tue Nov 21 2017 20:20:13 GMT-0200 (E. South America Daylight Time)
[debug] [2017-11-21T22:20:13.045Z] >>> HTTP REQUEST GET https://apikeys.googleapis.com/v1/projects/we-profile-96cff/apiKeys  
 Tue Nov 21 2017 20:20:13 GMT-0200 (E. South America Daylight Time)
[debug] [2017-11-21T22:20:16.148Z] <<< HTTP RESPONSE 200
[debug] [2017-11-21T22:20:18.548Z] <<< HTTP RESPONSE 200
[info] +  functions: ssrapp: http://localhost:5000/we-profile-96cff/us-central1/ssrapp
[debug] [2017-11-21T22:25:41.931Z] ----------------------------------------------------------------------
[debug] [2017-11-21T22:25:41.933Z] Command:       C:\Program Files\nodejs\node.exe C:\Users\bruno\AppData\Roaming\npm\node_modules\firebase-tools\bin\firebase serve --only functions:host
[debug] [2017-11-21T22:25:41.934Z] CLI Version:   3.15.2
[debug] [2017-11-21T22:25:41.934Z] Platform:      win32
[debug] [2017-11-21T22:25:41.934Z] Node Version:  v8.4.0
[debug] [2017-11-21T22:25:41.934Z] Time:          Tue Nov 21 2017 20:25:41 GMT-0200 (E. South America Daylight Time)
[debug] [2017-11-21T22:25:41.934Z] ----------------------------------------------------------------------
[debug] 
[debug] [2017-11-21T22:25:41.946Z] > command requires scopes: ["email","openid","https://www.googleapis.com/auth/cloudplatformprojects.readonly","https://www.googleapis.com/auth/firebase","https://www.googleapis.com/auth/cloud-platform"]
[debug] [2017-11-21T22:25:41.947Z] > authorizing via signed-in user
[debug] [2017-11-21T22:25:41.949Z] >>> HTTP REQUEST GET https://admin.firebase.com/v1/projects/we-profile-96cff  
 Tue Nov 21 2017 20:25:41 GMT-0200 (E. South America Daylight Time)
[debug] [2017-11-21T22:25:43.123Z] <<< HTTP RESPONSE 200
[debug] [2017-11-21T22:25:43.123Z] >>> HTTP REQUEST GET https://admin.firebase.com/v1/database/we-profile-96cff/tokens  
 Tue Nov 21 2017 20:25:43 GMT-0200 (E. South America Daylight Time)
[debug] [2017-11-21T22:25:43.997Z] <<< HTTP RESPONSE 200
[info] 
[info] === Serving from 'D:\Dev\www\personal'...
[info] 
[info] i  functions: Preparing to emulate functions.
[debug] [2017-11-21T22:25:44.409Z] >>> HTTP REQUEST GET https://appengine.googleapis.com/v1/apps/we-profile-96cff  
 Tue Nov 21 2017 20:25:44 GMT-0200 (E. South America Daylight Time)
[debug] [2017-11-21T22:25:44.410Z] >>> HTTP REQUEST GET https://apikeys.googleapis.com/v1/projects/we-profile-96cff/apiKeys  
 Tue Nov 21 2017 20:25:44 GMT-0200 (E. South America Daylight Time)
[debug] [2017-11-21T22:25:45.782Z] <<< HTTP RESPONSE 200
[debug] [2017-11-21T22:25:46.026Z] <<< HTTP RESPONSE 200
[info] +  functions: ssrapp: http://localhost:5000/we-profile-96cff/us-central1/ssrapp
[debug] [2017-11-21T22:44:09.208Z] ----------------------------------------------------------------------
[debug] [2017-11-21T22:44:09.210Z] Command:       C:\Program Files\nodejs\node.exe C:\Users\bruno\AppData\Roaming\npm\node_modules\firebase-tools\bin\firebase serve --only functions:host
[debug] [2017-11-21T22:44:09.211Z] CLI Version:   3.15.2
[debug] [2017-11-21T22:44:09.211Z] Platform:      win32
[debug] [2017-11-21T22:44:09.211Z] Node Version:  v8.4.0
[debug] [2017-11-21T22:44:09.211Z] Time:          Tue Nov 21 2017 20:44:09 GMT-0200 (E. South America Daylight Time)
[debug] [2017-11-21T22:44:09.212Z] ----------------------------------------------------------------------
[debug] 
[debug] [2017-11-21T22:44:09.223Z] > command requires scopes: ["email","openid","https://www.googleapis.com/auth/cloudplatformprojects.readonly","https://www.googleapis.com/auth/firebase","https://www.googleapis.com/auth/cloud-platform"]
[debug] [2017-11-21T22:44:09.223Z] > authorizing via signed-in user
[debug] [2017-11-21T22:44:09.225Z] >>> HTTP REQUEST GET https://admin.firebase.com/v1/projects/we-profile-96cff  
 Tue Nov 21 2017 20:44:09 GMT-0200 (E. South America Daylight Time)
[debug] [2017-11-21T22:44:10.842Z] <<< HTTP RESPONSE 200
[debug] [2017-11-21T22:44:10.843Z] >>> HTTP REQUEST GET https://admin.firebase.com/v1/database/we-profile-96cff/tokens  
 Tue Nov 21 2017 20:44:10 GMT-0200 (E. South America Daylight Time)
[debug] [2017-11-21T22:44:11.803Z] <<< HTTP RESPONSE 200
[info] 
[info] === Serving from 'D:\Dev\www\personal'...
[info] 
[info] i  functions: Preparing to emulate functions.
[debug] [2017-11-21T22:44:12.231Z] >>> HTTP REQUEST GET https://appengine.googleapis.com/v1/apps/we-profile-96cff  
 Tue Nov 21 2017 20:44:12 GMT-0200 (E. South America Daylight Time)
[debug] [2017-11-21T22:44:12.231Z] >>> HTTP REQUEST GET https://apikeys.googleapis.com/v1/projects/we-profile-96cff/apiKeys  
 Tue Nov 21 2017 20:44:12 GMT-0200 (E. South America Daylight Time)
[debug] [2017-11-21T22:44:13.784Z] <<< HTTP RESPONSE 200
[debug] [2017-11-21T22:44:13.954Z] <<< HTTP RESPONSE 200
[info] +  functions: ssrapp: http://localhost:5000/we-profile-96cff/us-central1/ssrapp
